<?xml version="1.0" encoding="UTF-8"?>
<!-- Generated by org.testng.reporters.JUnitReportReporter -->
<testsuite hostname="ATMECSINLT-085" failures="0" tests="2" name="com.demoaut.com.demoaut.AppTest" time="15.005" errors="0" timestamp="28 Aug 2019 13:39:47 GMT" skipped="0">
  <testcase classname="com.demoaut.com.demoaut.AppTest" name="AppTest1" time="15.001"/>
  <testcase classname="com.demoaut.com.demoaut.AppTest" name="testApp" time="0.004"/>
</testsuite> <!-- com.demoaut.com.demoaut.AppTest -->
