<?xml version="1.0" encoding="UTF-8"?>
<!-- Generated by org.testng.reporters.JUnitReportReporter -->
<testsuite hostname="ATMECSINLT-085" failures="0" tests="1" name="com.demoaut.com.demoaut.Alert" time="4.876" errors="0" timestamp="28 Aug 2019 14:21:42 GMT" skipped="0">
  <testcase classname="com.demoaut.com.demoaut.Alert" name="alert" time="4.876"/>
</testsuite> <!-- com.demoaut.com.demoaut.Alert -->
