<?xml version="1.0" encoding="UTF-8"?>
<!-- Generated by org.testng.reporters.JUnitReportReporter -->
<testsuite hostname="ATMECSINLT-085" failures="0" tests="1" name="com.demoaut.com.demoaut.Orangehrmlinks" time="19.455" errors="0" timestamp="28 Aug 2019 09:17:25 GMT" skipped="0">
  <testcase classname="com.demoaut.com.demoaut.Orangehrmlinks" name="linktest" time="19.455"/>
</testsuite> <!-- com.demoaut.com.demoaut.Orangehrmlinks -->
